 
****************************************
Report : timing
        -path full
        -delay max
        -input_pins
        -max_paths 1
        -transition_time
        -capacitance
Design : ExampleRocketSystem
Version: Q-2019.12-SP3
Date   : Wed Mar 16 20:31:54 2022
****************************************

 # A fanout number of 1000 was used for high fanout net computations.

Operating Conditions: ss0p95vn40c   Library: saed32rvt_ss0p95vn40c
Wire Load Model Mode: enclosed

  Startpoint: mem_axi4_0_b_bits_id[3]
              (input port clocked by clock)
  Endpoint: sbus/coupler_to_port_named_mmio_port_axi4/axi4deint/u_T_14_reg_2_
            (rising edge-triggered flip-flop clocked by clock)
  Path Group: INPUTS
  Path Type: max

  Des/Clust/Port     Wire Load Model       Library
  ------------------------------------------------
  ExampleRocketSystem
                     2000000               saed32rvt_ss0p95vn40c
  AXI4UserYanker_2   8000                  saed32rvt_ss0p95vn40c
  SimpleLazyModule_6 8000                  saed32rvt_ss0p95vn40c
  TLSourceShrinker   8000                  saed32rvt_ss0p95vn40c
  TLBroadcast        70000                 saed32rvt_ss0p95vn40c
  TLXbar             8000                  saed32rvt_ss0p95vn40c
  SystemBus          70000                 saed32rvt_ss0p95vn40c
  AXI4Deinterleaver  70000                 saed32rvt_ss0p95vn40c

  Point                                          Cap     Trans      Incr       Path
  ------------------------------------------------------------------------------------
  clock clock (rise edge)                                           0.00       0.00
  clock network delay (ideal)                                       0.90       0.90
  input external delay                                              0.00       0.90 f
  mem_axi4_0_b_bits_id[3] (in)                  0.70      0.02      0.00       0.90 f
  mbus/auto_coupler_to_memory_controller_named_axi4_axi4yank_out_b_bits_id[3] (MemoryBus)
                                                                    0.00       0.90 f
  mbus/coupler_to_memory_controller_named_axi4/auto_axi4yank_out_b_bits_id[3] (SimpleLazyModule_6)
                                                                    0.00       0.90 f
  mbus/coupler_to_memory_controller_named_axi4/axi4yank/auto_out_b_bits_id[3] (AXI4UserYanker_2)
                                                                    0.00       0.90 f
  mbus/coupler_to_memory_controller_named_axi4/axi4yank/U8/A2 (NOR2X1_RVT)
                                                          0.02      0.00       0.90 f
  mbus/coupler_to_memory_controller_named_axi4/axi4yank/U8/Y (NOR2X1_RVT)
                                                4.63      0.05      0.10       1.00 r
  mbus/coupler_to_memory_controller_named_axi4/axi4yank/U39/A1 (NAND3X0_RVT)
                                                          0.05      0.00       1.00 r
  mbus/coupler_to_memory_controller_named_axi4/axi4yank/U39/Y (NAND3X0_RVT)
                                                1.20      0.07      0.07       1.07 f
  mbus/coupler_to_memory_controller_named_axi4/axi4yank/U9/A (INVX0_RVT)
                                                          0.07      0.00       1.07 f
  mbus/coupler_to_memory_controller_named_axi4/axi4yank/U9/Y (INVX0_RVT)
                                                3.15      0.06      0.08       1.14 r
  mbus/coupler_to_memory_controller_named_axi4/axi4yank/U66/A1 (AO22X1_RVT)
                                                          0.06      0.00       1.14 r
  mbus/coupler_to_memory_controller_named_axi4/axi4yank/U66/Y (AO22X1_RVT)
                                                0.58      0.03      0.10       1.24 r
  mbus/coupler_to_memory_controller_named_axi4/axi4yank/U67/A2 (OA21X1_RVT)
                                                          0.03      0.00       1.24 r
  mbus/coupler_to_memory_controller_named_axi4/axi4yank/U67/Y (OA21X1_RVT)
                                                0.51      0.03      0.07       1.31 r
  mbus/coupler_to_memory_controller_named_axi4/axi4yank/auto_in_b_bits_user[0] (AXI4UserYanker_2)
                                                                    0.00       1.31 r
  mbus/coupler_to_memory_controller_named_axi4/axi4index/auto_out_b_bits_user[0] (AXI4IdIndexer_2)
                                                                    0.00       1.31 r
  mbus/coupler_to_memory_controller_named_axi4/axi4index/auto_in_b_bits_user[0] (AXI4IdIndexer_2)
                                                                    0.00       1.31 r
  mbus/coupler_to_memory_controller_named_axi4/tl2axi4/auto_out_b_bits_user[0] (TLToAXI4_1)
                                                                    0.00       1.31 r
  mbus/coupler_to_memory_controller_named_axi4/tl2axi4/U4/A2 (AO22X1_RVT)
                                                          0.03      0.00       1.31 r
  mbus/coupler_to_memory_controller_named_axi4/tl2axi4/U4/Y (AO22X1_RVT)
                                                9.28      0.10      0.14       1.46 r
  mbus/coupler_to_memory_controller_named_axi4/tl2axi4/auto_in_d_bits_source[0] (TLToAXI4_1)
                                                                    0.00       1.46 r
  mbus/coupler_to_memory_controller_named_axi4/widget/auto_out_d_bits_source[0] (TLWidthWidget_4)
                                                                    0.00       1.46 r
  mbus/coupler_to_memory_controller_named_axi4/widget/auto_in_d_bits_source[0] (TLWidthWidget_4)
                                                                    0.00       1.46 r
  mbus/coupler_to_memory_controller_named_axi4/buffer/auto_out_d_bits_source[0] (TLBuffer_6)
                                                                    0.00       1.46 r
  mbus/coupler_to_memory_controller_named_axi4/buffer/auto_in_d_bits_source[0] (TLBuffer_6)
                                                                    0.00       1.46 r
  mbus/coupler_to_memory_controller_named_axi4/picker/auto_out_d_bits_source[0] (ProbePicker)
                                                                    0.00       1.46 r
  mbus/coupler_to_memory_controller_named_axi4/picker/auto_in_d_bits_source[0] (ProbePicker)
                                                                    0.00       1.46 r
  mbus/coupler_to_memory_controller_named_axi4/auto_picker_in_d_bits_source[0] (SimpleLazyModule_6)
                                                                    0.00       1.46 r
  mbus/memory_bus_xbar/auto_out_d_bits_source[0] (TLXbar_4)         0.00       1.46 r
  mbus/memory_bus_xbar/auto_in_d_bits_source[0] (TLXbar_4)          0.00       1.46 r
  mbus/coupler_from_coherence_manager/auto_binder_out_d_bits_source[0] (SimpleLazyModule_7)
                                                                    0.00       1.46 r
  mbus/coupler_from_coherence_manager/binder/auto_out_d_bits_source[0] (BankBinder)
                                                                    0.00       1.46 r
  mbus/coupler_from_coherence_manager/binder/auto_in_d_bits_source[0] (BankBinder)
                                                                    0.00       1.46 r
  mbus/coupler_from_coherence_manager/auto_binder_in_d_bits_source[0] (SimpleLazyModule_7)
                                                                    0.00       1.46 r
  mbus/auto_coupler_from_coherence_manager_binder_in_d_bits_source[0] (MemoryBus)
                                                                    0.00       1.46 r
  shrinker/auto_out_d_bits_source[0] (TLSourceShrinker)             0.00       1.46 r
  shrinker/U3/A (INVX1_RVT)                               0.10      0.00       1.46 r
  shrinker/U3/Y (INVX1_RVT)                     8.60      0.10      0.10       1.56 f
  shrinker/U63/A3 (OA221X1_RVT)                           0.10      0.00       1.56 f
  shrinker/U63/Y (OA221X1_RVT)                  0.62      0.04      0.15       1.70 f
  shrinker/U65/A1 (OR2X1_RVT)                             0.04      0.00       1.70 f
  shrinker/U65/Y (OR2X1_RVT)                    2.39      0.03      0.08       1.79 f
  shrinker/auto_in_d_bits_source[6] (TLSourceShrinker)              0.00       1.79 f
  ww/auto_out_d_bits_source[6] (TLWidthWidget_8)                    0.00       1.79 f
  ww/auto_in_d_bits_source[6] (TLWidthWidget_8)                     0.00       1.79 f
  bh/auto_out_d_bits_source[6] (TLBroadcast)                        0.00       1.79 f
  bh/U45/A (INVX1_RVT)                                    0.03      0.00       1.79 f
  bh/U45/Y (INVX1_RVT)                          2.88      0.04      0.04       1.83 r
  bh/U112/A2 (NAND2X0_RVT)                                0.04      0.00       1.83 r
  bh/U112/Y (NAND2X0_RVT)                       1.15      0.05      0.05       1.88 f
  bh/U113/A2 (AND2X1_RVT)                                 0.05      0.00       1.88 f
  bh/U113/Y (AND2X1_RVT)                        1.46      0.03      0.08       1.96 f
  bh/U115/A2 (OA222X2_RVT)                                0.03      0.00       1.96 f
  bh/U115/Y (OA222X2_RVT)                      16.27      0.10      0.19       2.15 f
  bh/U117/A2 (AO21X1_RVT)                                 0.10      0.00       2.15 f
  bh/U117/Y (AO21X1_RVT)                        0.77      0.03      0.13       2.28 f
  bh/auto_in_d_bits_source[4] (TLBroadcast)                         0.00       2.28 f
  sbus/auto_system_bus_xbar_out_d_bits_source[4] (SystemBus) <-     0.00       2.28 f
  sbus/system_bus_xbar/auto_out_2_d_bits_source[4] (TLXbar)         0.00       2.28 f
  sbus/system_bus_xbar/U15/A (INVX1_RVT)                  0.03      0.00       2.28 f
  sbus/system_bus_xbar/U15/Y (INVX1_RVT)        1.71      0.03      0.03       2.31 r
  sbus/system_bus_xbar/U227/A3 (NOR3X0_RVT)               0.03      0.00       2.31 r
  sbus/system_bus_xbar/U227/Y (NOR3X0_RVT)      1.00      0.02      0.09       2.40 f
  sbus/system_bus_xbar/U228/A2 (NAND2X0_RVT)              0.02      0.00       2.40 f
  sbus/system_bus_xbar/U228/Y (NAND2X0_RVT)     2.05      0.07      0.06       2.46 r
  sbus/system_bus_xbar/U247/A2 (AO22X1_RVT)               0.07      0.00       2.46 r
  sbus/system_bus_xbar/U247/Y (AO22X1_RVT)      1.08      0.04      0.11       2.57 r
  sbus/system_bus_xbar/U785/A4 (OA221X1_RVT)              0.04      0.00       2.57 r
  sbus/system_bus_xbar/U785/Y (OA221X1_RVT)     0.58      0.04      0.09       2.67 r
  sbus/system_bus_xbar/U786/A4 (AO22X1_RVT)               0.04      0.00       2.67 r
  sbus/system_bus_xbar/U786/Y (AO22X1_RVT)      4.38      0.07      0.10       2.77 r
  sbus/system_bus_xbar/auto_out_0_d_ready (TLXbar)                  0.00       2.77 r
  sbus/coupler_to_port_named_mmio_port_axi4/auto_buffer_in_d_ready (SimpleLazyModule_1)
                                                                    0.00       2.77 r
  sbus/coupler_to_port_named_mmio_port_axi4/buffer/auto_in_d_ready (TLBuffer_1)
                                                                    0.00       2.77 r
  sbus/coupler_to_port_named_mmio_port_axi4/buffer/auto_out_d_ready (TLBuffer_1)
                                                                    0.00       2.77 r
  sbus/coupler_to_port_named_mmio_port_axi4/widget/auto_in_d_ready (TLWidthWidget)
                                                                    0.00       2.77 r
  sbus/coupler_to_port_named_mmio_port_axi4/widget/auto_out_d_ready (TLWidthWidget)
                                                                    0.00       2.77 r
  sbus/coupler_to_port_named_mmio_port_axi4/tl2axi4/auto_in_d_ready (TLToAXI4)
                                                                    0.00       2.77 r
  sbus/coupler_to_port_named_mmio_port_axi4/tl2axi4/auto_out_r_ready (TLToAXI4)
                                                                    0.00       2.77 r
  sbus/coupler_to_port_named_mmio_port_axi4/axi4index/auto_in_r_ready (AXI4IdIndexer)
                                                                    0.00       2.77 r
  sbus/coupler_to_port_named_mmio_port_axi4/axi4index/auto_out_r_ready (AXI4IdIndexer)
                                                                    0.00       2.77 r
  sbus/coupler_to_port_named_mmio_port_axi4/axi4deint/auto_in_r_ready (AXI4Deinterleaver)
                                                                    0.00       2.77 r
  sbus/coupler_to_port_named_mmio_port_axi4/axi4deint/U137/A1 (AND2X1_RVT)
                                                          0.07      0.00       2.77 r
  sbus/coupler_to_port_named_mmio_port_axi4/axi4deint/U137/Y (AND2X1_RVT)
                                                1.14      0.03      0.07       2.84 r
  sbus/coupler_to_port_named_mmio_port_axi4/axi4deint/U203/A1 (AND4X1_RVT)
                                                          0.03      0.00       2.84 r
  sbus/coupler_to_port_named_mmio_port_axi4/axi4deint/U203/Y (AND4X1_RVT)
                                                1.03      0.04      0.09       2.93 r
  sbus/coupler_to_port_named_mmio_port_axi4/axi4deint/U204/A1 (NAND2X0_RVT)
                                                          0.04      0.00       2.93 r
  sbus/coupler_to_port_named_mmio_port_axi4/axi4deint/U204/Y (NAND2X0_RVT)
                                                1.62      0.07      0.06       2.99 f
  sbus/coupler_to_port_named_mmio_port_axi4/axi4deint/U3/A (INVX0_RVT)
                                                          0.07      0.00       2.99 f
  sbus/coupler_to_port_named_mmio_port_axi4/axi4deint/U3/Y (INVX0_RVT)
                                                5.76      0.10      0.10       3.09 r
  sbus/coupler_to_port_named_mmio_port_axi4/axi4deint/intadd_0_U5/A (FADDX1_RVT)
                                                          0.10      0.00       3.09 r
  sbus/coupler_to_port_named_mmio_port_axi4/axi4deint/intadd_0_U5/CO (FADDX1_RVT)
                                                1.45      0.05      0.14       3.23 r
  sbus/coupler_to_port_named_mmio_port_axi4/axi4deint/intadd_0_U4/CI (FADDX1_RVT)
                                                          0.05      0.00       3.23 r
  sbus/coupler_to_port_named_mmio_port_axi4/axi4deint/intadd_0_U4/CO (FADDX1_RVT)
                                                1.45      0.05      0.11       3.34 r
  sbus/coupler_to_port_named_mmio_port_axi4/axi4deint/intadd_0_U3/CI (FADDX1_RVT)
                                                          0.05      0.00       3.34 r
  sbus/coupler_to_port_named_mmio_port_axi4/axi4deint/intadd_0_U3/CO (FADDX1_RVT)
                                                0.98      0.04      0.10       3.44 r
  sbus/coupler_to_port_named_mmio_port_axi4/axi4deint/U28/A1 (XOR2X1_RVT)
                                                          0.04      0.00       3.44 r
  sbus/coupler_to_port_named_mmio_port_axi4/axi4deint/U28/Y (XOR2X1_RVT)
                                                1.25      0.04      0.14       3.58 f
  sbus/coupler_to_port_named_mmio_port_axi4/axi4deint/U564/A1 (NAND2X0_RVT)
                                                          0.04      0.00       3.58 f
  sbus/coupler_to_port_named_mmio_port_axi4/axi4deint/U564/Y (NAND2X0_RVT)
                                                0.67      0.04      0.05       3.63 r
  sbus/coupler_to_port_named_mmio_port_axi4/axi4deint/U565/A4 (NOR4X0_RVT)
                                                          0.04      0.00       3.63 r
  sbus/coupler_to_port_named_mmio_port_axi4/axi4deint/U565/Y (NOR4X0_RVT)
                                                1.09      0.03      0.10       3.73 f
  sbus/coupler_to_port_named_mmio_port_axi4/axi4deint/U571/A2 (AND2X1_RVT)
                                                          0.03      0.00       3.73 f
  sbus/coupler_to_port_named_mmio_port_axi4/axi4deint/U571/Y (AND2X1_RVT)
                                                1.02      0.02      0.06       3.79 f
  sbus/coupler_to_port_named_mmio_port_axi4/axi4deint/U576/A2 (NAND2X0_RVT)
                                                          0.02      0.00       3.79 f
  sbus/coupler_to_port_named_mmio_port_axi4/axi4deint/U576/Y (NAND2X0_RVT)
                                                1.17      0.05      0.05       3.84 r
  sbus/coupler_to_port_named_mmio_port_axi4/axi4deint/U577/A2 (OAI22X1_RVT)
                                                          0.05      0.00       3.84 r
  sbus/coupler_to_port_named_mmio_port_axi4/axi4deint/U577/Y (OAI22X1_RVT)
                                                0.50      0.02      0.10       3.94 f
  sbus/coupler_to_port_named_mmio_port_axi4/axi4deint/u_T_14_reg_2_/D (SDFFX1_RVT)
                                                          0.02      0.00       3.94 f
  data arrival time                                                            3.94

  clock clock (rise edge)                                           3.50       3.50
  clock network delay (ideal)                                       0.90       4.40
  clock uncertainty                                                -0.16       4.24
  sbus/coupler_to_port_named_mmio_port_axi4/axi4deint/u_T_14_reg_2_/CLK (SDFFX1_RVT)
                                                                    0.00       4.24 r
  library setup time                                               -0.10       4.14
  data required time                                                           4.14
  ------------------------------------------------------------------------------------
  data required time                                                           4.14
  data arrival time                                                           -3.94
  ------------------------------------------------------------------------------------
  slack (MET)                                                                  0.19


1
 
****************************************
Report : timing
        -path full
        -delay max
        -input_pins
        -max_paths 1
        -transition_time
        -capacitance
Design : ExampleRocketSystem
Version: Q-2019.12-SP3
Date   : Wed Mar 16 20:33:53 2022
****************************************

 # A fanout number of 1000 was used for high fanout net computations.

Operating Conditions: ss0p95vn40c   Library: saed32rvt_ss0p95vn40c
Wire Load Model Mode: enclosed

  Startpoint: sbus/coupler_to_port_named_mmio_port_axi4/axi4buf/Queue_2/value_1_reg
              (rising edge-triggered flip-flop clocked by clock)
  Endpoint: mbus/coupler_to_memory_controller_named_axi4/axi4yank/Queue_4/u_T_1_reg
            (rising edge-triggered flip-flop clocked by clock)
  Path Group: clock
  Path Type: max

  Des/Clust/Port     Wire Load Model       Library
  ------------------------------------------------
  ExampleRocketSystem
                     2000000               saed32rvt_ss0p95vn40c
  Queue_2            8000                  saed32rvt_ss0p95vn40c
  SimpleLazyModule_1 70000                 saed32rvt_ss0p95vn40c
  AXI4UserYanker     8000                  saed32rvt_ss0p95vn40c
  SystemBus          70000                 saed32rvt_ss0p95vn40c
  TLXbar             8000                  saed32rvt_ss0p95vn40c
  TLBroadcast        70000                 saed32rvt_ss0p95vn40c
  AXI4UserYanker_2   8000                  saed32rvt_ss0p95vn40c
  Queue_35_3         ForQA                 saed32rvt_ss0p95vn40c

  Point                                          Cap     Trans      Incr       Path
  ------------------------------------------------------------------------------------
  clock clock (rise edge)                                           0.00       0.00
  clock network delay (ideal)                                       0.90       0.90
  sbus/coupler_to_port_named_mmio_port_axi4/axi4buf/Queue_2/value_1_reg/CLK (SDFFX1_RVT)
                                                          0.13      0.00 #     0.90 r
  sbus/coupler_to_port_named_mmio_port_axi4/axi4buf/Queue_2/value_1_reg/Q (SDFFX1_RVT)
                                                4.07      0.05      0.23       1.13 f
  sbus/coupler_to_port_named_mmio_port_axi4/axi4buf/Queue_2/U12/A1 (AO22X1_RVT)
                                                          0.05      0.00       1.13 f
  sbus/coupler_to_port_named_mmio_port_axi4/axi4buf/Queue_2/U12/Y (AO22X1_RVT)
                                                1.80      0.03      0.10       1.24 f
  sbus/coupler_to_port_named_mmio_port_axi4/axi4buf/Queue_2/io_deq_bits_id[3] (Queue_2)
                                                                    0.00       1.24 f
  sbus/coupler_to_port_named_mmio_port_axi4/axi4buf/auto_in_b_bits_id[3] (AXI4Buffer)
                                                                    0.00       1.24 f
  sbus/coupler_to_port_named_mmio_port_axi4/axi4yank/auto_out_b_bits_id[3] (AXI4UserYanker)
                                                                    0.00       1.24 f
  sbus/coupler_to_port_named_mmio_port_axi4/axi4yank/U102/A1 (OR3X1_RVT)
                                                          0.03      0.00       1.24 f
  sbus/coupler_to_port_named_mmio_port_axi4/axi4yank/U102/Y (OR3X1_RVT)
                                                1.06      0.03      0.10       1.33 f
  sbus/coupler_to_port_named_mmio_port_axi4/axi4yank/U9/A (INVX0_RVT)
                                                          0.03      0.00       1.33 f
  sbus/coupler_to_port_named_mmio_port_axi4/axi4yank/U9/Y (INVX0_RVT)
                                                1.09      0.03      0.03       1.37 r
  sbus/coupler_to_port_named_mmio_port_axi4/axi4yank/U114/A2 (AND2X1_RVT)
                                                          0.03      0.00       1.37 r
  sbus/coupler_to_port_named_mmio_port_axi4/axi4yank/U114/Y (AND2X1_RVT)
                                                5.65      0.07      0.09       1.45 r
  sbus/coupler_to_port_named_mmio_port_axi4/axi4yank/U11/A1 (NOR3X0_RVT)
                                                          0.07      0.00       1.45 r
  sbus/coupler_to_port_named_mmio_port_axi4/axi4yank/U11/Y (NOR3X0_RVT)
                                                5.04      0.05      0.14       1.59 f
  sbus/coupler_to_port_named_mmio_port_axi4/axi4yank/U129/A1 (NAND2X0_RVT)
                                                          0.05      0.00       1.59 f
  sbus/coupler_to_port_named_mmio_port_axi4/axi4yank/U129/Y (NAND2X0_RVT)
                                                0.53      0.04      0.05       1.65 r
  sbus/coupler_to_port_named_mmio_port_axi4/axi4yank/U130/A3 (NAND3X0_RVT)
                                                          0.04      0.00       1.65 r
  sbus/coupler_to_port_named_mmio_port_axi4/axi4yank/U130/Y (NAND3X0_RVT)
                                                0.54      0.05      0.06       1.71 f
  sbus/coupler_to_port_named_mmio_port_axi4/axi4yank/U131/A2 (AND2X1_RVT)
                                                          0.05      0.00       1.71 f
  sbus/coupler_to_port_named_mmio_port_axi4/axi4yank/U131/Y (AND2X1_RVT)
                                                0.50      0.03      0.07       1.77 f
  sbus/coupler_to_port_named_mmio_port_axi4/axi4yank/auto_in_b_bits_user[2] (AXI4UserYanker)
                                                                    0.00       1.77 f
  sbus/coupler_to_port_named_mmio_port_axi4/axi4deint/auto_out_b_bits_user[2] (AXI4Deinterleaver)
                                                                    0.00       1.77 f
  sbus/coupler_to_port_named_mmio_port_axi4/axi4deint/auto_in_b_bits_user[2] (AXI4Deinterleaver)
                                                                    0.00       1.77 f
  sbus/coupler_to_port_named_mmio_port_axi4/axi4index/auto_out_b_bits_user[2] (AXI4IdIndexer)
                                                                    0.00       1.77 f
  sbus/coupler_to_port_named_mmio_port_axi4/axi4index/auto_in_b_bits_user[2] (AXI4IdIndexer)
                                                                    0.00       1.77 f
  sbus/coupler_to_port_named_mmio_port_axi4/tl2axi4/auto_out_b_bits_user[2] (TLToAXI4)
                                                                    0.00       1.77 f
  sbus/coupler_to_port_named_mmio_port_axi4/tl2axi4/U98/A2 (AO22X1_RVT)
                                                          0.03      0.00       1.77 f
  sbus/coupler_to_port_named_mmio_port_axi4/tl2axi4/U98/Y (AO22X1_RVT)
                                                1.17      0.03      0.09       1.86 f
  sbus/coupler_to_port_named_mmio_port_axi4/tl2axi4/auto_in_d_bits_source[2] (TLToAXI4)
                                                                    0.00       1.86 f
  sbus/coupler_to_port_named_mmio_port_axi4/widget/auto_out_d_bits_source[2] (TLWidthWidget)
                                                                    0.00       1.86 f
  sbus/coupler_to_port_named_mmio_port_axi4/widget/auto_in_d_bits_source[2] (TLWidthWidget)
                                                                    0.00       1.86 f
  sbus/coupler_to_port_named_mmio_port_axi4/buffer/auto_out_d_bits_source[2] (TLBuffer_1)
                                                                    0.00       1.86 f
  sbus/coupler_to_port_named_mmio_port_axi4/buffer/auto_in_d_bits_source[2] (TLBuffer_1)
                                                                    0.00       1.86 f
  sbus/coupler_to_port_named_mmio_port_axi4/auto_buffer_in_d_bits_source[2] (SimpleLazyModule_1)
                                                                    0.00       1.86 f
  sbus/system_bus_xbar/auto_out_0_d_bits_source[2] (TLXbar) <-      0.00       1.86 f
  sbus/system_bus_xbar/U230/A1 (NOR3X0_RVT)               0.03      0.00       1.86 f
  sbus/system_bus_xbar/U230/Y (NOR3X0_RVT)      1.10      0.03      0.12       1.98 r
  sbus/system_bus_xbar/U231/A2 (AND2X1_RVT)               0.03      0.00       1.98 r
  sbus/system_bus_xbar/U231/Y (AND2X1_RVT)      2.28      0.04      0.07       2.05 r
  sbus/system_bus_xbar/U239/A4 (AOI22X1_RVT)              0.04      0.00       2.05 r
  sbus/system_bus_xbar/U239/Y (AOI22X1_RVT)     2.00      0.03      0.11       2.16 f
  sbus/system_bus_xbar/U779/A4 (OA221X1_RVT)              0.03      0.00       2.16 f
  sbus/system_bus_xbar/U779/Y (OA221X1_RVT)     0.57      0.04      0.09       2.25 f
  sbus/system_bus_xbar/U780/A4 (AO22X1_RVT)               0.04      0.00       2.25 f
  sbus/system_bus_xbar/U780/Y (AO22X1_RVT)      3.92      0.06      0.09       2.34 f
  sbus/system_bus_xbar/auto_out_2_d_ready (TLXbar)                  0.00       2.34 f
  sbus/auto_system_bus_xbar_out_d_ready (SystemBus)                 0.00       2.34 f
  bh/auto_in_d_ready (TLBroadcast)                                  0.00       2.34 f
  bh/U978/A2 (NAND3X0_RVT)                                0.06      0.00       2.34 f
  bh/U978/Y (NAND3X0_RVT)                       1.16      0.07      0.06       2.40 r
  bh/U980/A2 (NAND3X0_RVT)                                0.07      0.00       2.40 r
  bh/U980/Y (NAND3X0_RVT)                       3.59      0.14      0.13       2.53 f
  bh/auto_out_d_ready (TLBroadcast)                                 0.00       2.53 f
  ww/auto_in_d_ready (TLWidthWidget_8)                              0.00       2.53 f
  ww/auto_out_d_ready (TLWidthWidget_8)                             0.00       2.53 f
  shrinker/auto_in_d_ready (TLSourceShrinker)                       0.00       2.53 f
  shrinker/auto_out_d_ready (TLSourceShrinker)                      0.00       2.53 f
  mbus/auto_coupler_from_coherence_manager_binder_in_d_ready (MemoryBus)
                                                                    0.00       2.53 f
  mbus/coupler_from_coherence_manager/auto_binder_in_d_ready (SimpleLazyModule_7)
                                                                    0.00       2.53 f
  mbus/coupler_from_coherence_manager/binder/auto_in_d_ready (BankBinder)
                                                                    0.00       2.53 f
  mbus/coupler_from_coherence_manager/binder/auto_out_d_ready (BankBinder)
                                                                    0.00       2.53 f
  mbus/coupler_from_coherence_manager/auto_binder_out_d_ready (SimpleLazyModule_7)
                                                                    0.00       2.53 f
  mbus/memory_bus_xbar/auto_in_d_ready (TLXbar_4)                   0.00       2.53 f
  mbus/memory_bus_xbar/auto_out_d_ready (TLXbar_4)                  0.00       2.53 f
  mbus/coupler_to_memory_controller_named_axi4/auto_picker_in_d_ready (SimpleLazyModule_6)
                                                                    0.00       2.53 f
  mbus/coupler_to_memory_controller_named_axi4/picker/auto_in_d_ready (ProbePicker)
                                                                    0.00       2.53 f
  mbus/coupler_to_memory_controller_named_axi4/picker/auto_out_d_ready (ProbePicker)
                                                                    0.00       2.53 f
  mbus/coupler_to_memory_controller_named_axi4/buffer/auto_in_d_ready (TLBuffer_6)
                                                                    0.00       2.53 f
  mbus/coupler_to_memory_controller_named_axi4/buffer/auto_out_d_ready (TLBuffer_6)
                                                                    0.00       2.53 f
  mbus/coupler_to_memory_controller_named_axi4/widget/auto_in_d_ready (TLWidthWidget_4)
                                                                    0.00       2.53 f
  mbus/coupler_to_memory_controller_named_axi4/widget/auto_out_d_ready (TLWidthWidget_4)
                                                                    0.00       2.53 f
  mbus/coupler_to_memory_controller_named_axi4/tl2axi4/auto_in_d_ready (TLToAXI4_1)
                                                                    0.00       2.53 f
  mbus/coupler_to_memory_controller_named_axi4/tl2axi4/U38/A2 (AND2X1_RVT)
                                                          0.14      0.00       2.53 f
  mbus/coupler_to_memory_controller_named_axi4/tl2axi4/U38/Y (AND2X1_RVT)
                                                1.63      0.04      0.13       2.66 f
  mbus/coupler_to_memory_controller_named_axi4/tl2axi4/auto_out_b_ready (TLToAXI4_1)
                                                                    0.00       2.66 f
  mbus/coupler_to_memory_controller_named_axi4/axi4index/auto_in_b_ready (AXI4IdIndexer_2)
                                                                    0.00       2.66 f
  mbus/coupler_to_memory_controller_named_axi4/axi4index/auto_out_b_ready (AXI4IdIndexer_2)
                                                                    0.00       2.66 f
  mbus/coupler_to_memory_controller_named_axi4/axi4yank/auto_in_b_ready (AXI4UserYanker_2)
                                                                    0.00       2.66 f
  mbus/coupler_to_memory_controller_named_axi4/axi4yank/U36/A1 (AND2X1_RVT)
                                                          0.04      0.00       2.66 f
  mbus/coupler_to_memory_controller_named_axi4/axi4yank/U36/Y (AND2X1_RVT)
                                                0.98      0.02      0.06       2.72 f
  mbus/coupler_to_memory_controller_named_axi4/axi4yank/U37/A2 (AND4X1_RVT)
                                                          0.02      0.00       2.72 f
  mbus/coupler_to_memory_controller_named_axi4/axi4yank/U37/Y (AND4X1_RVT)
                                                0.51      0.04      0.09       2.81 f
  mbus/coupler_to_memory_controller_named_axi4/axi4yank/Queue_4/io_deq_ready (Queue_35_3)
                                                                    0.00       2.81 f
  mbus/coupler_to_memory_controller_named_axi4/axi4yank/Queue_4/U5/A2 (AOI221X1_RVT)
                                                          0.04      0.00       2.81 f
  mbus/coupler_to_memory_controller_named_axi4/axi4yank/Queue_4/U5/Y (AOI221X1_RVT)
                                                0.75      0.02      0.14       2.96 r
  mbus/coupler_to_memory_controller_named_axi4/axi4yank/Queue_4/u_T_1_reg/D (SDFFX1_RVT)
                                                          0.02      0.00       2.96 r
  data arrival time                                                            2.96

  clock clock (rise edge)                                           3.50       3.50
  clock network delay (ideal)                                       0.90       4.40
  clock uncertainty                                                -0.16       4.24
  mbus/coupler_to_memory_controller_named_axi4/axi4yank/Queue_4/u_T_1_reg/CLK (SDFFX1_RVT)
                                                                    0.00       4.24 r
  library setup time                                               -0.12       4.12
  data required time                                                           4.12
  ------------------------------------------------------------------------------------
  data required time                                                           4.12
  data arrival time                                                           -2.96
  ------------------------------------------------------------------------------------
  slack (MET)                                                                  1.17


1
 
****************************************
Report : timing
        -path full
        -delay max
        -input_pins
        -max_paths 1
        -transition_time
        -capacitance
Design : ExampleRocketSystem
Version: Q-2019.12-SP3
Date   : Wed Mar 16 20:34:28 2022
****************************************

 # A fanout number of 1000 was used for high fanout net computations.

Operating Conditions: ss0p95vn40c   Library: saed32rvt_ss0p95vn40c
Wire Load Model Mode: enclosed

  Startpoint: tile/core/csr/reg_pmp_7_addr_reg_0_
              (rising edge-triggered flip-flop clocked by clock)
  Endpoint: tile/frontend/tlb/sectored_entries_3_data_0_reg_6_
            (rising edge-triggered flip-flop clocked by clock)
  Path Group: clock
  Path Type: max

  Des/Clust/Port     Wire Load Model       Library
  ------------------------------------------------
  ExampleRocketSystem
                     2000000               saed32rvt_ss0p95vn40c
  RocketTile         2000000               saed32rvt_ss0p95vn40c
  CSRFile            35000                 saed32rvt_ss0p95vn40c
  PMPChecker_1       8000                  saed32rvt_ss0p95vn40c
  TLB_1              35000                 saed32rvt_ss0p95vn40c

  Point                                          Cap     Trans      Incr       Path
  ------------------------------------------------------------------------------------
  clock clock (rise edge)                                           0.00       0.00
  clock network delay (ideal)                                       0.90       0.90
  tile/core/csr/reg_pmp_7_addr_reg_0_/CLK (SDFFX1_RVT)
                                                          0.13      0.00 #     0.90 r
  tile/core/csr/reg_pmp_7_addr_reg_0_/Q (SDFFX1_RVT)
                                                5.66      0.07      0.24       1.14 r
  tile/core/csr/U760/A2 (NAND2X0_RVT)                     0.07      0.00       1.14 r
  tile/core/csr/U760/Y (NAND2X0_RVT)            1.19      0.06      0.06       1.20 f
  tile/core/csr/U762/A1 (NOR2X1_RVT)                      0.06      0.00       1.20 f
  tile/core/csr/U762/Y (NOR2X1_RVT)             2.28      0.03      0.11       1.32 r
  tile/core/csr/U766/A1 (NAND2X0_RVT)                     0.03      0.00       1.32 r
  tile/core/csr/U766/Y (NAND2X0_RVT)            1.19      0.05      0.05       1.36 f
  tile/core/csr/U298/A1 (NOR2X1_RVT)                      0.05      0.00       1.36 f
  tile/core/csr/U298/Y (NOR2X1_RVT)             2.22      0.03      0.11       1.47 r
  tile/core/csr/U1409/A2 (AND2X1_RVT)                     0.03      0.00       1.47 r
  tile/core/csr/U1409/Y (AND2X1_RVT)            2.06      0.04      0.07       1.54 r
  tile/core/csr/U2315/B0 (HADDX1_RVT)                     0.04      0.00       1.54 r
  tile/core/csr/U2315/C1 (HADDX1_RVT)           1.00      0.03      0.07       1.61 r
  tile/core/csr/U2317/B0 (HADDX1_RVT)                     0.03      0.00       1.61 r
  tile/core/csr/U2317/C1 (HADDX1_RVT)           1.00      0.03      0.07       1.68 r
  tile/core/csr/U2319/B0 (HADDX1_RVT)                     0.03      0.00       1.68 r
  tile/core/csr/U2319/C1 (HADDX1_RVT)           1.00      0.03      0.07       1.75 r
  tile/core/csr/U2321/B0 (HADDX1_RVT)                     0.03      0.00       1.75 r
  tile/core/csr/U2321/C1 (HADDX1_RVT)           1.00      0.03      0.07       1.82 r
  tile/core/csr/U2323/B0 (HADDX1_RVT)                     0.03      0.00       1.82 r
  tile/core/csr/U2323/C1 (HADDX1_RVT)           1.00      0.03      0.07       1.89 r
  tile/core/csr/U2325/B0 (HADDX1_RVT)                     0.03      0.00       1.89 r
  tile/core/csr/U2325/C1 (HADDX1_RVT)           1.00      0.03      0.07       1.96 r
  tile/core/csr/U2327/B0 (HADDX1_RVT)                     0.03      0.00       1.96 r
  tile/core/csr/U2327/SO (HADDX1_RVT)           0.70      0.03      0.11       2.08 f
  tile/core/csr/U2326/A2 (NOR2X1_RVT)                     0.03      0.00       2.08 f
  tile/core/csr/U2326/Y (NOR2X1_RVT)            1.07      0.02      0.08       2.16 r
  tile/core/csr/io_pmp_7_mask[29] (CSRFile)                         0.00       2.16 r
  tile/core/io_ptw_pmp_7_mask[29] (Rocket)                          0.00       2.16 r
  tile/ptw/io_dpath_pmp_7_mask[29] (PTW)                            0.00       2.16 r
  tile/ptw/io_requestor_1_pmp_7_mask[29] (PTW) <-                   0.00       2.16 r
  tile/frontend/io_ptw_pmp_7_mask[29] (Frontend)                    0.00       2.16 r
  tile/frontend/tlb/io_ptw_pmp_7_mask[29] (TLB_1)                   0.00       2.16 r
  tile/frontend/tlb/pmp/io_pmp_7_mask[29] (PMPChecker_1)            0.00       2.16 r
  tile/frontend/tlb/pmp/U517/A1 (OA21X1_RVT)              0.02      0.00       2.16 r
  tile/frontend/tlb/pmp/U517/Y (OA21X1_RVT)     0.47      0.03      0.07       2.23 r
  tile/frontend/tlb/pmp/U518/A3 (OA21X1_RVT)              0.03      0.00       2.23 r
  tile/frontend/tlb/pmp/U518/Y (OA21X1_RVT)     0.47      0.03      0.06       2.30 r
  tile/frontend/tlb/pmp/U519/A3 (OA21X1_RVT)              0.03      0.00       2.30 r
  tile/frontend/tlb/pmp/U519/Y (OA21X1_RVT)     0.52      0.03      0.06       2.36 r
  tile/frontend/tlb/pmp/U85/A2 (MUX21X1_RVT)              0.03      0.00       2.36 r
  tile/frontend/tlb/pmp/U85/Y (MUX21X1_RVT)     0.55      0.04      0.09       2.45 r
  tile/frontend/tlb/pmp/U520/A2 (AND2X1_RVT)              0.04      0.00       2.45 r
  tile/frontend/tlb/pmp/U520/Y (AND2X1_RVT)     1.12      0.03      0.07       2.51 r
  tile/frontend/tlb/pmp/U521/A3 (AOI22X1_RVT)             0.03      0.00       2.51 r
  tile/frontend/tlb/pmp/U521/Y (AOI22X1_RVT)
                                                0.56      0.02      0.09       2.60 f
  tile/frontend/tlb/pmp/U525/A1 (NAND2X0_RVT)             0.02      0.00       2.60 f
  tile/frontend/tlb/pmp/U525/Y (NAND2X0_RVT)
                                                0.62      0.04      0.04       2.63 r
  tile/frontend/tlb/pmp/U1322/A1 (NAND3X0_RVT)            0.04      0.00       2.63 r
  tile/frontend/tlb/pmp/U1322/Y (NAND3X0_RVT)
                                                0.68      0.05      0.05       2.69 f
  tile/frontend/tlb/pmp/U1338/A1 (NAND4X0_RVT)            0.05      0.00       2.69 f
  tile/frontend/tlb/pmp/U1338/Y (NAND4X0_RVT)
                                                1.20      0.06      0.06       2.75 r
  tile/frontend/tlb/pmp/io_x (PMPChecker_1)                         0.00       2.75 r
  tile/frontend/tlb/U4/A1 (AND2X4_RVT)                    0.06      0.00       2.75 r
  tile/frontend/tlb/U4/Y (AND2X4_RVT)          19.78      0.08      0.13       2.88 r
  tile/frontend/tlb/U2402/A2 (MUX21X1_RVT)                0.08      0.00       2.88 r
  tile/frontend/tlb/U2402/Y (MUX21X1_RVT)       0.51      0.04      0.11       2.98 r
  tile/frontend/tlb/sectored_entries_3_data_0_reg_6_/D (SDFFX1_RVT)
                                                          0.04      0.00       2.98 r
  data arrival time                                                            2.98

  clock clock (rise edge)                                           3.50       3.50
  clock network delay (ideal)                                       0.90       4.40
  clock uncertainty                                                -0.16       4.24
  tile/frontend/tlb/sectored_entries_3_data_0_reg_6_/CLK (SDFFX1_RVT)
                                                                    0.00       4.24 r
  library setup time                                               -0.12       4.12
  data required time                                                           4.12
  ------------------------------------------------------------------------------------
  data required time                                                           4.12
  data arrival time                                                           -2.98
  ------------------------------------------------------------------------------------
  slack (MET)                                                                  1.13


1
