 
****************************************
Report : timing
        -path full
        -delay max
        -input_pins
        -max_paths 1
        -transition_time
        -capacitance
Design : ExampleRocketSystem
Version: Q-2019.12-SP3
Date   : Wed Mar 16 20:33:53 2022
****************************************

 # A fanout number of 1000 was used for high fanout net computations.

Operating Conditions: ss0p95vn40c   Library: saed32rvt_ss0p95vn40c
Wire Load Model Mode: enclosed

  Startpoint: sbus/coupler_to_port_named_mmio_port_axi4/axi4buf/Queue_2/value_1_reg
              (rising edge-triggered flip-flop clocked by clock)
  Endpoint: mbus/coupler_to_memory_controller_named_axi4/axi4yank/Queue_4/u_T_1_reg
            (rising edge-triggered flip-flop clocked by clock)
  Path Group: clock
  Path Type: max

  Des/Clust/Port     Wire Load Model       Library
  ------------------------------------------------
  ExampleRocketSystem
                     2000000               saed32rvt_ss0p95vn40c
  Queue_2            8000                  saed32rvt_ss0p95vn40c
  SimpleLazyModule_1 70000                 saed32rvt_ss0p95vn40c
  AXI4UserYanker     8000                  saed32rvt_ss0p95vn40c
  SystemBus          70000                 saed32rvt_ss0p95vn40c
  TLXbar             8000                  saed32rvt_ss0p95vn40c
  TLBroadcast        70000                 saed32rvt_ss0p95vn40c
  AXI4UserYanker_2   8000                  saed32rvt_ss0p95vn40c
  Queue_35_3         ForQA                 saed32rvt_ss0p95vn40c

  Point                                          Cap     Trans      Incr       Path
  ------------------------------------------------------------------------------------
  clock clock (rise edge)                                           0.00       0.00
  clock network delay (ideal)                                       0.90       0.90
  sbus/coupler_to_port_named_mmio_port_axi4/axi4buf/Queue_2/value_1_reg/CLK (SDFFX1_RVT)
                                                          0.13      0.00 #     0.90 r
  sbus/coupler_to_port_named_mmio_port_axi4/axi4buf/Queue_2/value_1_reg/Q (SDFFX1_RVT)
                                                4.07      0.05      0.23       1.13 f
  sbus/coupler_to_port_named_mmio_port_axi4/axi4buf/Queue_2/U12/A1 (AO22X1_RVT)
                                                          0.05      0.00       1.13 f
  sbus/coupler_to_port_named_mmio_port_axi4/axi4buf/Queue_2/U12/Y (AO22X1_RVT)
                                                1.80      0.03      0.10       1.24 f
  sbus/coupler_to_port_named_mmio_port_axi4/axi4buf/Queue_2/io_deq_bits_id[3] (Queue_2)
                                                                    0.00       1.24 f
  sbus/coupler_to_port_named_mmio_port_axi4/axi4buf/auto_in_b_bits_id[3] (AXI4Buffer)
                                                                    0.00       1.24 f
  sbus/coupler_to_port_named_mmio_port_axi4/axi4yank/auto_out_b_bits_id[3] (AXI4UserYanker)
                                                                    0.00       1.24 f
  sbus/coupler_to_port_named_mmio_port_axi4/axi4yank/U102/A1 (OR3X1_RVT)
                                                          0.03      0.00       1.24 f
  sbus/coupler_to_port_named_mmio_port_axi4/axi4yank/U102/Y (OR3X1_RVT)
                                                1.06      0.03      0.10       1.33 f
  sbus/coupler_to_port_named_mmio_port_axi4/axi4yank/U9/A (INVX0_RVT)
                                                          0.03      0.00       1.33 f
  sbus/coupler_to_port_named_mmio_port_axi4/axi4yank/U9/Y (INVX0_RVT)
                                                1.09      0.03      0.03       1.37 r
  sbus/coupler_to_port_named_mmio_port_axi4/axi4yank/U114/A2 (AND2X1_RVT)
                                                          0.03      0.00       1.37 r
  sbus/coupler_to_port_named_mmio_port_axi4/axi4yank/U114/Y (AND2X1_RVT)
                                                5.65      0.07      0.09       1.45 r
  sbus/coupler_to_port_named_mmio_port_axi4/axi4yank/U11/A1 (NOR3X0_RVT)
                                                          0.07      0.00       1.45 r
  sbus/coupler_to_port_named_mmio_port_axi4/axi4yank/U11/Y (NOR3X0_RVT)
                                                5.04      0.05      0.14       1.59 f
  sbus/coupler_to_port_named_mmio_port_axi4/axi4yank/U129/A1 (NAND2X0_RVT)
                                                          0.05      0.00       1.59 f
  sbus/coupler_to_port_named_mmio_port_axi4/axi4yank/U129/Y (NAND2X0_RVT)
                                                0.53      0.04      0.05       1.65 r
  sbus/coupler_to_port_named_mmio_port_axi4/axi4yank/U130/A3 (NAND3X0_RVT)
                                                          0.04      0.00       1.65 r
  sbus/coupler_to_port_named_mmio_port_axi4/axi4yank/U130/Y (NAND3X0_RVT)
                                                0.54      0.05      0.06       1.71 f
  sbus/coupler_to_port_named_mmio_port_axi4/axi4yank/U131/A2 (AND2X1_RVT)
                                                          0.05      0.00       1.71 f
  sbus/coupler_to_port_named_mmio_port_axi4/axi4yank/U131/Y (AND2X1_RVT)
                                                0.50      0.03      0.07       1.77 f
  sbus/coupler_to_port_named_mmio_port_axi4/axi4yank/auto_in_b_bits_user[2] (AXI4UserYanker)
                                                                    0.00       1.77 f
  sbus/coupler_to_port_named_mmio_port_axi4/axi4deint/auto_out_b_bits_user[2] (AXI4Deinterleaver)
                                                                    0.00       1.77 f
  sbus/coupler_to_port_named_mmio_port_axi4/axi4deint/auto_in_b_bits_user[2] (AXI4Deinterleaver)
                                                                    0.00       1.77 f
  sbus/coupler_to_port_named_mmio_port_axi4/axi4index/auto_out_b_bits_user[2] (AXI4IdIndexer)
                                                                    0.00       1.77 f
  sbus/coupler_to_port_named_mmio_port_axi4/axi4index/auto_in_b_bits_user[2] (AXI4IdIndexer)
                                                                    0.00       1.77 f
  sbus/coupler_to_port_named_mmio_port_axi4/tl2axi4/auto_out_b_bits_user[2] (TLToAXI4)
                                                                    0.00       1.77 f
  sbus/coupler_to_port_named_mmio_port_axi4/tl2axi4/U98/A2 (AO22X1_RVT)
                                                          0.03      0.00       1.77 f
  sbus/coupler_to_port_named_mmio_port_axi4/tl2axi4/U98/Y (AO22X1_RVT)
                                                1.17      0.03      0.09       1.86 f
  sbus/coupler_to_port_named_mmio_port_axi4/tl2axi4/auto_in_d_bits_source[2] (TLToAXI4)
                                                                    0.00       1.86 f
  sbus/coupler_to_port_named_mmio_port_axi4/widget/auto_out_d_bits_source[2] (TLWidthWidget)
                                                                    0.00       1.86 f
  sbus/coupler_to_port_named_mmio_port_axi4/widget/auto_in_d_bits_source[2] (TLWidthWidget)
                                                                    0.00       1.86 f
  sbus/coupler_to_port_named_mmio_port_axi4/buffer/auto_out_d_bits_source[2] (TLBuffer_1)
                                                                    0.00       1.86 f
  sbus/coupler_to_port_named_mmio_port_axi4/buffer/auto_in_d_bits_source[2] (TLBuffer_1)
                                                                    0.00       1.86 f
  sbus/coupler_to_port_named_mmio_port_axi4/auto_buffer_in_d_bits_source[2] (SimpleLazyModule_1)
                                                                    0.00       1.86 f
  sbus/system_bus_xbar/auto_out_0_d_bits_source[2] (TLXbar) <-      0.00       1.86 f
  sbus/system_bus_xbar/U230/A1 (NOR3X0_RVT)               0.03      0.00       1.86 f
  sbus/system_bus_xbar/U230/Y (NOR3X0_RVT)      1.10      0.03      0.12       1.98 r
  sbus/system_bus_xbar/U231/A2 (AND2X1_RVT)               0.03      0.00       1.98 r
  sbus/system_bus_xbar/U231/Y (AND2X1_RVT)      2.28      0.04      0.07       2.05 r
  sbus/system_bus_xbar/U239/A4 (AOI22X1_RVT)              0.04      0.00       2.05 r
  sbus/system_bus_xbar/U239/Y (AOI22X1_RVT)     2.00      0.03      0.11       2.16 f
  sbus/system_bus_xbar/U779/A4 (OA221X1_RVT)              0.03      0.00       2.16 f
  sbus/system_bus_xbar/U779/Y (OA221X1_RVT)     0.57      0.04      0.09       2.25 f
  sbus/system_bus_xbar/U780/A4 (AO22X1_RVT)               0.04      0.00       2.25 f
  sbus/system_bus_xbar/U780/Y (AO22X1_RVT)      3.92      0.06      0.09       2.34 f
  sbus/system_bus_xbar/auto_out_2_d_ready (TLXbar)                  0.00       2.34 f
  sbus/auto_system_bus_xbar_out_d_ready (SystemBus)                 0.00       2.34 f
  bh/auto_in_d_ready (TLBroadcast)                                  0.00       2.34 f
  bh/U978/A2 (NAND3X0_RVT)                                0.06      0.00       2.34 f
  bh/U978/Y (NAND3X0_RVT)                       1.16      0.07      0.06       2.40 r
  bh/U980/A2 (NAND3X0_RVT)                                0.07      0.00       2.40 r
  bh/U980/Y (NAND3X0_RVT)                       3.59      0.14      0.13       2.53 f
  bh/auto_out_d_ready (TLBroadcast)                                 0.00       2.53 f
  ww/auto_in_d_ready (TLWidthWidget_8)                              0.00       2.53 f
  ww/auto_out_d_ready (TLWidthWidget_8)                             0.00       2.53 f
  shrinker/auto_in_d_ready (TLSourceShrinker)                       0.00       2.53 f
  shrinker/auto_out_d_ready (TLSourceShrinker)                      0.00       2.53 f
  mbus/auto_coupler_from_coherence_manager_binder_in_d_ready (MemoryBus)
                                                                    0.00       2.53 f
  mbus/coupler_from_coherence_manager/auto_binder_in_d_ready (SimpleLazyModule_7)
                                                                    0.00       2.53 f
  mbus/coupler_from_coherence_manager/binder/auto_in_d_ready (BankBinder)
                                                                    0.00       2.53 f
  mbus/coupler_from_coherence_manager/binder/auto_out_d_ready (BankBinder)
                                                                    0.00       2.53 f
  mbus/coupler_from_coherence_manager/auto_binder_out_d_ready (SimpleLazyModule_7)
                                                                    0.00       2.53 f
  mbus/memory_bus_xbar/auto_in_d_ready (TLXbar_4)                   0.00       2.53 f
  mbus/memory_bus_xbar/auto_out_d_ready (TLXbar_4)                  0.00       2.53 f
  mbus/coupler_to_memory_controller_named_axi4/auto_picker_in_d_ready (SimpleLazyModule_6)
                                                                    0.00       2.53 f
  mbus/coupler_to_memory_controller_named_axi4/picker/auto_in_d_ready (ProbePicker)
                                                                    0.00       2.53 f
  mbus/coupler_to_memory_controller_named_axi4/picker/auto_out_d_ready (ProbePicker)
                                                                    0.00       2.53 f
  mbus/coupler_to_memory_controller_named_axi4/buffer/auto_in_d_ready (TLBuffer_6)
                                                                    0.00       2.53 f
  mbus/coupler_to_memory_controller_named_axi4/buffer/auto_out_d_ready (TLBuffer_6)
                                                                    0.00       2.53 f
  mbus/coupler_to_memory_controller_named_axi4/widget/auto_in_d_ready (TLWidthWidget_4)
                                                                    0.00       2.53 f
  mbus/coupler_to_memory_controller_named_axi4/widget/auto_out_d_ready (TLWidthWidget_4)
                                                                    0.00       2.53 f
  mbus/coupler_to_memory_controller_named_axi4/tl2axi4/auto_in_d_ready (TLToAXI4_1)
                                                                    0.00       2.53 f
  mbus/coupler_to_memory_controller_named_axi4/tl2axi4/U38/A2 (AND2X1_RVT)
                                                          0.14      0.00       2.53 f
  mbus/coupler_to_memory_controller_named_axi4/tl2axi4/U38/Y (AND2X1_RVT)
                                                1.63      0.04      0.13       2.66 f
  mbus/coupler_to_memory_controller_named_axi4/tl2axi4/auto_out_b_ready (TLToAXI4_1)
                                                                    0.00       2.66 f
  mbus/coupler_to_memory_controller_named_axi4/axi4index/auto_in_b_ready (AXI4IdIndexer_2)
                                                                    0.00       2.66 f
  mbus/coupler_to_memory_controller_named_axi4/axi4index/auto_out_b_ready (AXI4IdIndexer_2)
                                                                    0.00       2.66 f
  mbus/coupler_to_memory_controller_named_axi4/axi4yank/auto_in_b_ready (AXI4UserYanker_2)
                                                                    0.00       2.66 f
  mbus/coupler_to_memory_controller_named_axi4/axi4yank/U36/A1 (AND2X1_RVT)
                                                          0.04      0.00       2.66 f
  mbus/coupler_to_memory_controller_named_axi4/axi4yank/U36/Y (AND2X1_RVT)
                                                0.98      0.02      0.06       2.72 f
  mbus/coupler_to_memory_controller_named_axi4/axi4yank/U37/A2 (AND4X1_RVT)
                                                          0.02      0.00       2.72 f
  mbus/coupler_to_memory_controller_named_axi4/axi4yank/U37/Y (AND4X1_RVT)
                                                0.51      0.04      0.09       2.81 f
  mbus/coupler_to_memory_controller_named_axi4/axi4yank/Queue_4/io_deq_ready (Queue_35_3)
                                                                    0.00       2.81 f
  mbus/coupler_to_memory_controller_named_axi4/axi4yank/Queue_4/U5/A2 (AOI221X1_RVT)
                                                          0.04      0.00       2.81 f
  mbus/coupler_to_memory_controller_named_axi4/axi4yank/Queue_4/U5/Y (AOI221X1_RVT)
                                                0.75      0.02      0.14       2.96 r
  mbus/coupler_to_memory_controller_named_axi4/axi4yank/Queue_4/u_T_1_reg/D (SDFFX1_RVT)
                                                          0.02      0.00       2.96 r
  data arrival time                                                            2.96

  clock clock (rise edge)                                           3.50       3.50
  clock network delay (ideal)                                       0.90       4.40
  clock uncertainty                                                -0.16       4.24
  mbus/coupler_to_memory_controller_named_axi4/axi4yank/Queue_4/u_T_1_reg/CLK (SDFFX1_RVT)
                                                                    0.00       4.24 r
  library setup time                                               -0.12       4.12
  data required time                                                           4.12
  ------------------------------------------------------------------------------------
  data required time                                                           4.12
  data arrival time                                                           -2.96
  ------------------------------------------------------------------------------------
  slack (MET)                                                                  1.17


1
